<?xml version="1.0" encoding="UTF-8"?>
<!-- Generated by org.testng.reporters.JUnitXMLReporter -->
<testsuite hostname="VBTSCPTESTING02" ignored="0" name="HomePageTest" tests="3" failures="0" timestamp="30 Aug 2018 08:09:50 GMT" time="40.2" errors="0">
  <testcase name="ValidateHomePageTitle" time="0.031" classname="com.vbts.sfm.tests.HomePageTest"/>
  <testcase name="ValidateHomePageURL" time="0.047" classname="com.vbts.sfm.tests.HomePageTest"/>
  <testcase name="ValidateHomePageHCMLogo" time="0.11" classname="com.vbts.sfm.tests.HomePageTest"/>
</testsuite> <!-- HomePageTest -->
