<?xml version="1.0" encoding="UTF-8"?>
<!-- Generated by org.testng.reporters.JUnitXMLReporter -->
<testsuite hostname="VBTSCPTESTING02" ignored="0" name="LoginPageTest" tests="4" failures="0" timestamp="01 Sep 2018 06:48:26 GMT" time="38.286" errors="0">
  <testcase name="ValidateLoginPageTitle" time="0.047" classname="com.sfm.vbts.tests.LoginPageTest"/>
  <testcase name="ValidateLoginPageURL" time="0.023" classname="com.sfm.vbts.tests.LoginPageTest"/>
  <testcase name="ValidateLoginPageCenterpointLogo" time="0.077" classname="com.sfm.vbts.tests.LoginPageTest"/>
  <testcase name="Login" time="5.811" classname="com.sfm.vbts.tests.LoginPageTest"/>
</testsuite> <!-- LoginPageTest -->
