<?xml version="1.0" encoding="UTF-8"?>
<!-- Generated by org.testng.reporters.JUnitXMLReporter -->
<testsuite hostname="VBTSCPTESTING02" ignored="0" name="HomePageTest" tests="3" failures="0" timestamp="04 Sep 2018 09:56:55 GMT" time="38.21" errors="0">
  <testcase name="ValidateHomePageTitle" time="0.018" classname="com.sfm.vbts.tests.HomePageTest"/>
  <testcase name="ValidateHomePageURL" time="0.019" classname="com.sfm.vbts.tests.HomePageTest"/>
  <testcase name="ValidateHomePageHCMLogo" time="0.059" classname="com.sfm.vbts.tests.HomePageTest"/>
</testsuite> <!-- HomePageTest -->
