<?xml version="1.0" encoding="UTF-8"?>
<!-- Generated by org.testng.reporters.JUnitXMLReporter -->
<testsuite hostname="VBTSCPTESTING02" ignored="0" name="LoginPageTest" tests="4" failures="0" timestamp="04 Sep 2018 10:09:31 GMT" time="36.632" errors="0">
  <testcase name="ValidateLoginPageTitle" time="0.024" classname="com.sfm.vbts.tests.LoginPageTest"/>
  <testcase name="ValidateLoginPageURL" time="0.019" classname="com.sfm.vbts.tests.LoginPageTest"/>
  <testcase name="ValidateLoginPageCenterpointLogo" time="0.085" classname="com.sfm.vbts.tests.LoginPageTest"/>
  <testcase name="Login" time="5.493" classname="com.sfm.vbts.tests.LoginPageTest"/>
</testsuite> <!-- LoginPageTest -->
