<?xml version="1.0" encoding="UTF-8"?>
<testng-results skipped="0" failed="0" ignored="0" total="7" passed="7">
  <reporter-output>
    <line>
      <![CDATA[Execution Begining Suite: < SFM Suite >]]>
    </line>
    <line>
      <![CDATA[Execution Begining Test: < LoginPageTest >]]>
    </line>
    <line>
      <![CDATA[
]]>
    </line>
    <line>
      <![CDATA[+++++++++++++++++++++++++++++++++++++++++++++++++++++++++++++++++++++++++++++++]]>
    </line>
    <line>
      <![CDATA[TEST----------->>::::|| ValidateLoginPageTitle ||:::: 05-09-2018-01:33:41 ]]>
    </line>
    <line>
      <![CDATA[-------------------------------------------------------------------------------]]>
    </line>
    <line>
      <![CDATA[Login Page Title is: SFM]]>
    </line>
    <line>
      <![CDATA[Test Method Resides in com.sfm.vbts.tests.LoginPageTest]]>
    </line>
    <line>
      <![CDATA[-------------------------------------------------------------------------------]]>
    </line>
    <line>
      <![CDATA[DONE==>>----<< ValidateLoginPageTitle >>]]>
    </line>
    <line>
      <![CDATA[R E S U L T--->>::::::::TEST PASSED ::::::::: 05-09-2018-01:33:41 ]]>
    </line>
    <line>
      <![CDATA[+++++++++++++++++++++++++++++++++++++++++++++++++++++++++++++++++++++++++++++++]]>
    </line>
    <line>
      <![CDATA[
]]>
    </line>
    <line>
      <![CDATA[+++++++++++++++++++++++++++++++++++++++++++++++++++++++++++++++++++++++++++++++]]>
    </line>
    <line>
      <![CDATA[TEST----------->>::::|| ValidateLoginPageURL ||:::: 05-09-2018-01:33:49 ]]>
    </line>
    <line>
      <![CDATA[-------------------------------------------------------------------------------]]>
    </line>
    <line>
      <![CDATA[LoginPageURL is http://103.231.43.144/]]>
    </line>
    <line>
      <![CDATA[Test Method Resides in com.sfm.vbts.tests.LoginPageTest]]>
    </line>
    <line>
      <![CDATA[-------------------------------------------------------------------------------]]>
    </line>
    <line>
      <![CDATA[DONE==>>----<< ValidateLoginPageURL >>]]>
    </line>
    <line>
      <![CDATA[R E S U L T--->>::::::::TEST PASSED ::::::::: 05-09-2018-01:33:49 ]]>
    </line>
    <line>
      <![CDATA[+++++++++++++++++++++++++++++++++++++++++++++++++++++++++++++++++++++++++++++++]]>
    </line>
    <line>
      <![CDATA[
]]>
    </line>
    <line>
      <![CDATA[+++++++++++++++++++++++++++++++++++++++++++++++++++++++++++++++++++++++++++++++]]>
    </line>
    <line>
      <![CDATA[TEST----------->>::::|| ValidateLoginPageCenterpointLogo ||:::: 05-09-2018-01:34:00 ]]>
    </line>
    <line>
      <![CDATA[-------------------------------------------------------------------------------]]>
    </line>
    <line>
      <![CDATA[Centerpoint Logo is Displayed in Login Page]]>
    </line>
    <line>
      <![CDATA[Test Method Resides in com.sfm.vbts.tests.LoginPageTest]]>
    </line>
    <line>
      <![CDATA[-------------------------------------------------------------------------------]]>
    </line>
    <line>
      <![CDATA[DONE==>>----<< ValidateLoginPageCenterpointLogo >>]]>
    </line>
    <line>
      <![CDATA[R E S U L T--->>::::::::TEST PASSED ::::::::: 05-09-2018-01:34:00 ]]>
    </line>
    <line>
      <![CDATA[+++++++++++++++++++++++++++++++++++++++++++++++++++++++++++++++++++++++++++++++]]>
    </line>
    <line>
      <![CDATA[
]]>
    </line>
    <line>
      <![CDATA[+++++++++++++++++++++++++++++++++++++++++++++++++++++++++++++++++++++++++++++++]]>
    </line>
    <line>
      <![CDATA[TEST----------->>::::|| Login ||:::: 05-09-2018-01:34:10 ]]>
    </line>
    <line>
      <![CDATA[-------------------------------------------------------------------------------]]>
    </line>
    <line>
      <![CDATA[Test Method Resides in com.sfm.vbts.tests.LoginPageTest]]>
    </line>
    <line>
      <![CDATA[-------------------------------------------------------------------------------]]>
    </line>
    <line>
      <![CDATA[DONE==>>----<< Login >>]]>
    </line>
    <line>
      <![CDATA[R E S U L T--->>::::::::TEST PASSED ::::::::: 05-09-2018-01:34:16 ]]>
    </line>
    <line>
      <![CDATA[+++++++++++++++++++++++++++++++++++++++++++++++++++++++++++++++++++++++++++++++]]>
    </line>
    <line>
      <![CDATA[Completed Executing Test:< LoginPageTest >]]>
    </line>
    <line>
      <![CDATA[Execution Begining Test: < HomePageTest >]]>
    </line>
    <line>
      <![CDATA[
]]>
    </line>
    <line>
      <![CDATA[+++++++++++++++++++++++++++++++++++++++++++++++++++++++++++++++++++++++++++++++]]>
    </line>
    <line>
      <![CDATA[TEST----------->>::::|| ValidateHomePageTitle ||:::: 05-09-2018-01:34:31 ]]>
    </line>
    <line>
      <![CDATA[-------------------------------------------------------------------------------]]>
    </line>
    <line>
      <![CDATA[Home Page Title is: ::SalesForceManagement::]]>
    </line>
    <line>
      <![CDATA[Test Method Resides in com.sfm.vbts.tests.HomePageTest]]>
    </line>
    <line>
      <![CDATA[-------------------------------------------------------------------------------]]>
    </line>
    <line>
      <![CDATA[DONE==>>----<< ValidateHomePageTitle >>]]>
    </line>
    <line>
      <![CDATA[R E S U L T--->>::::::::TEST PASSED ::::::::: 05-09-2018-01:34:31 ]]>
    </line>
    <line>
      <![CDATA[+++++++++++++++++++++++++++++++++++++++++++++++++++++++++++++++++++++++++++++++]]>
    </line>
    <line>
      <![CDATA[
]]>
    </line>
    <line>
      <![CDATA[+++++++++++++++++++++++++++++++++++++++++++++++++++++++++++++++++++++++++++++++]]>
    </line>
    <line>
      <![CDATA[TEST----------->>::::|| ValidateHomePageURL ||:::: 05-09-2018-01:34:44 ]]>
    </line>
    <line>
      <![CDATA[-------------------------------------------------------------------------------]]>
    </line>
    <line>
      <![CDATA[HomePageURL is http://103.231.43.144/home]]>
    </line>
    <line>
      <![CDATA[Test Method Resides in com.sfm.vbts.tests.HomePageTest]]>
    </line>
    <line>
      <![CDATA[-------------------------------------------------------------------------------]]>
    </line>
    <line>
      <![CDATA[DONE==>>----<< ValidateHomePageURL >>]]>
    </line>
    <line>
      <![CDATA[R E S U L T--->>::::::::TEST PASSED ::::::::: 05-09-2018-01:34:44 ]]>
    </line>
    <line>
      <![CDATA[+++++++++++++++++++++++++++++++++++++++++++++++++++++++++++++++++++++++++++++++]]>
    </line>
    <line>
      <![CDATA[
]]>
    </line>
    <line>
      <![CDATA[+++++++++++++++++++++++++++++++++++++++++++++++++++++++++++++++++++++++++++++++]]>
    </line>
    <line>
      <![CDATA[TEST----------->>::::|| ValidateHomePageHCMLogo ||:::: 05-09-2018-01:35:01 ]]>
    </line>
    <line>
      <![CDATA[-------------------------------------------------------------------------------]]>
    </line>
    <line>
      <![CDATA[SFM Logo is Displayed in Home Page]]>
    </line>
    <line>
      <![CDATA[Test Method Resides in com.sfm.vbts.tests.HomePageTest]]>
    </line>
    <line>
      <![CDATA[-------------------------------------------------------------------------------]]>
    </line>
    <line>
      <![CDATA[DONE==>>----<< ValidateHomePageHCMLogo >>]]>
    </line>
    <line>
      <![CDATA[R E S U L T--->>::::::::TEST PASSED ::::::::: 05-09-2018-01:35:01 ]]>
    </line>
    <line>
      <![CDATA[+++++++++++++++++++++++++++++++++++++++++++++++++++++++++++++++++++++++++++++++]]>
    </line>
  </reporter-output>
  <suite name="SFM Suite" duration-ms="89644" started-at="2018-09-05T08:03:32Z" finished-at="2018-09-05T08:05:02Z">
    <groups>
    </groups>
    <test name="LoginPageTest" duration-ms="44333" started-at="2018-09-05T08:03:32Z" finished-at="2018-09-05T08:04:17Z">
      <class name="com.sfm.vbts.tests.LoginPageTest">
        <test-method status="PASS" signature="SetUp()[pri:0, instance:com.sfm.vbts.tests.LoginPageTest@4b1c1ea0]" name="SetUp" is-config="true" duration-ms="8827" started-at="2018-09-05T08:03:32Z" finished-at="2018-09-05T08:03:41Z">
          <reporter-output>
          </reporter-output>
        </test-method> <!-- SetUp -->
        <test-method status="PASS" signature="ValidateLoginPageTitle()[pri:0, instance:com.sfm.vbts.tests.LoginPageTest@4b1c1ea0]" name="ValidateLoginPageTitle" duration-ms="21" started-at="2018-09-05T08:03:41Z" finished-at="2018-09-05T08:03:41Z">
          <reporter-output>
            <line>
              <![CDATA[
]]>
            </line>
            <line>
              <![CDATA[+++++++++++++++++++++++++++++++++++++++++++++++++++++++++++++++++++++++++++++++]]>
            </line>
            <line>
              <![CDATA[TEST----------->>::::|| ValidateLoginPageTitle ||:::: 05-09-2018-01:33:41 ]]>
            </line>
            <line>
              <![CDATA[-------------------------------------------------------------------------------]]>
            </line>
            <line>
              <![CDATA[Login Page Title is: SFM]]>
            </line>
            <line>
              <![CDATA[Test Method Resides in com.sfm.vbts.tests.LoginPageTest]]>
            </line>
            <line>
              <![CDATA[-------------------------------------------------------------------------------]]>
            </line>
            <line>
              <![CDATA[DONE==>>----<< ValidateLoginPageTitle >>]]>
            </line>
            <line>
              <![CDATA[R E S U L T--->>::::::::TEST PASSED ::::::::: 05-09-2018-01:33:41 ]]>
            </line>
            <line>
              <![CDATA[+++++++++++++++++++++++++++++++++++++++++++++++++++++++++++++++++++++++++++++++]]>
            </line>
          </reporter-output>
        </test-method> <!-- ValidateLoginPageTitle -->
        <test-method status="PASS" signature="tearDown()[pri:0, instance:com.sfm.vbts.tests.LoginPageTest@4b1c1ea0]" name="tearDown" is-config="true" duration-ms="667" started-at="2018-09-05T08:03:41Z" finished-at="2018-09-05T08:03:42Z">
          <reporter-output>
          </reporter-output>
        </test-method> <!-- tearDown -->
        <test-method status="PASS" signature="SetUp()[pri:0, instance:com.sfm.vbts.tests.LoginPageTest@4b1c1ea0]" name="SetUp" is-config="true" duration-ms="7650" started-at="2018-09-05T08:03:42Z" finished-at="2018-09-05T08:03:49Z">
          <reporter-output>
          </reporter-output>
        </test-method> <!-- SetUp -->
        <test-method status="PASS" signature="ValidateLoginPageURL()[pri:1, instance:com.sfm.vbts.tests.LoginPageTest@4b1c1ea0]" name="ValidateLoginPageURL" duration-ms="18" started-at="2018-09-05T08:03:49Z" finished-at="2018-09-05T08:03:49Z">
          <reporter-output>
            <line>
              <![CDATA[
]]>
            </line>
            <line>
              <![CDATA[+++++++++++++++++++++++++++++++++++++++++++++++++++++++++++++++++++++++++++++++]]>
            </line>
            <line>
              <![CDATA[TEST----------->>::::|| ValidateLoginPageURL ||:::: 05-09-2018-01:33:49 ]]>
            </line>
            <line>
              <![CDATA[-------------------------------------------------------------------------------]]>
            </line>
            <line>
              <![CDATA[LoginPageURL is http://103.231.43.144/]]>
            </line>
            <line>
              <![CDATA[Test Method Resides in com.sfm.vbts.tests.LoginPageTest]]>
            </line>
            <line>
              <![CDATA[-------------------------------------------------------------------------------]]>
            </line>
            <line>
              <![CDATA[DONE==>>----<< ValidateLoginPageURL >>]]>
            </line>
            <line>
              <![CDATA[R E S U L T--->>::::::::TEST PASSED ::::::::: 05-09-2018-01:33:49 ]]>
            </line>
            <line>
              <![CDATA[+++++++++++++++++++++++++++++++++++++++++++++++++++++++++++++++++++++++++++++++]]>
            </line>
          </reporter-output>
        </test-method> <!-- ValidateLoginPageURL -->
        <test-method status="PASS" signature="tearDown()[pri:0, instance:com.sfm.vbts.tests.LoginPageTest@4b1c1ea0]" name="tearDown" is-config="true" duration-ms="559" started-at="2018-09-05T08:03:49Z" finished-at="2018-09-05T08:03:50Z">
          <reporter-output>
          </reporter-output>
        </test-method> <!-- tearDown -->
        <test-method status="PASS" signature="SetUp()[pri:0, instance:com.sfm.vbts.tests.LoginPageTest@4b1c1ea0]" name="SetUp" is-config="true" duration-ms="10098" started-at="2018-09-05T08:03:50Z" finished-at="2018-09-05T08:04:00Z">
          <reporter-output>
          </reporter-output>
        </test-method> <!-- SetUp -->
        <test-method status="PASS" signature="ValidateLoginPageCenterpointLogo()[pri:2, instance:com.sfm.vbts.tests.LoginPageTest@4b1c1ea0]" name="ValidateLoginPageCenterpointLogo" duration-ms="244" started-at="2018-09-05T08:04:00Z" finished-at="2018-09-05T08:04:00Z">
          <reporter-output>
            <line>
              <![CDATA[
]]>
            </line>
            <line>
              <![CDATA[+++++++++++++++++++++++++++++++++++++++++++++++++++++++++++++++++++++++++++++++]]>
            </line>
            <line>
              <![CDATA[TEST----------->>::::|| ValidateLoginPageCenterpointLogo ||:::: 05-09-2018-01:34:00 ]]>
            </line>
            <line>
              <![CDATA[-------------------------------------------------------------------------------]]>
            </line>
            <line>
              <![CDATA[Centerpoint Logo is Displayed in Login Page]]>
            </line>
            <line>
              <![CDATA[Test Method Resides in com.sfm.vbts.tests.LoginPageTest]]>
            </line>
            <line>
              <![CDATA[-------------------------------------------------------------------------------]]>
            </line>
            <line>
              <![CDATA[DONE==>>----<< ValidateLoginPageCenterpointLogo >>]]>
            </line>
            <line>
              <![CDATA[R E S U L T--->>::::::::TEST PASSED ::::::::: 05-09-2018-01:34:00 ]]>
            </line>
            <line>
              <![CDATA[+++++++++++++++++++++++++++++++++++++++++++++++++++++++++++++++++++++++++++++++]]>
            </line>
          </reporter-output>
        </test-method> <!-- ValidateLoginPageCenterpointLogo -->
        <test-method status="PASS" signature="tearDown()[pri:0, instance:com.sfm.vbts.tests.LoginPageTest@4b1c1ea0]" name="tearDown" is-config="true" duration-ms="562" started-at="2018-09-05T08:04:00Z" finished-at="2018-09-05T08:04:01Z">
          <reporter-output>
          </reporter-output>
        </test-method> <!-- tearDown -->
        <test-method status="PASS" signature="SetUp()[pri:0, instance:com.sfm.vbts.tests.LoginPageTest@4b1c1ea0]" name="SetUp" is-config="true" duration-ms="9618" started-at="2018-09-05T08:04:01Z" finished-at="2018-09-05T08:04:10Z">
          <reporter-output>
          </reporter-output>
        </test-method> <!-- SetUp -->
        <test-method status="PASS" signature="Login()[pri:3, instance:com.sfm.vbts.tests.LoginPageTest@4b1c1ea0]" name="Login" duration-ms="5447" started-at="2018-09-05T08:04:10Z" finished-at="2018-09-05T08:04:16Z">
          <reporter-output>
            <line>
              <![CDATA[
]]>
            </line>
            <line>
              <![CDATA[+++++++++++++++++++++++++++++++++++++++++++++++++++++++++++++++++++++++++++++++]]>
            </line>
            <line>
              <![CDATA[TEST----------->>::::|| Login ||:::: 05-09-2018-01:34:10 ]]>
            </line>
            <line>
              <![CDATA[-------------------------------------------------------------------------------]]>
            </line>
            <line>
              <![CDATA[Test Method Resides in com.sfm.vbts.tests.LoginPageTest]]>
            </line>
            <line>
              <![CDATA[-------------------------------------------------------------------------------]]>
            </line>
            <line>
              <![CDATA[DONE==>>----<< Login >>]]>
            </line>
            <line>
              <![CDATA[R E S U L T--->>::::::::TEST PASSED ::::::::: 05-09-2018-01:34:16 ]]>
            </line>
            <line>
              <![CDATA[+++++++++++++++++++++++++++++++++++++++++++++++++++++++++++++++++++++++++++++++]]>
            </line>
          </reporter-output>
        </test-method> <!-- Login -->
        <test-method status="PASS" signature="tearDown()[pri:0, instance:com.sfm.vbts.tests.LoginPageTest@4b1c1ea0]" name="tearDown" is-config="true" duration-ms="595" started-at="2018-09-05T08:04:16Z" finished-at="2018-09-05T08:04:17Z">
          <reporter-output>
          </reporter-output>
        </test-method> <!-- tearDown -->
      </class> <!-- com.sfm.vbts.tests.LoginPageTest -->
    </test> <!-- LoginPageTest -->
    <test name="HomePageTest" duration-ms="45172" started-at="2018-09-05T08:04:17Z" finished-at="2018-09-05T08:05:02Z">
      <class name="com.sfm.vbts.tests.HomePageTest">
        <test-method status="PASS" signature="SetUp()[pri:0, instance:com.sfm.vbts.tests.HomePageTest@17d677df]" name="SetUp" is-config="true" duration-ms="14411" started-at="2018-09-05T08:04:17Z" finished-at="2018-09-05T08:04:31Z">
          <reporter-output>
          </reporter-output>
        </test-method> <!-- SetUp -->
        <test-method status="PASS" signature="ValidateHomePageTitle()[pri:0, instance:com.sfm.vbts.tests.HomePageTest@17d677df]" name="ValidateHomePageTitle" duration-ms="9" started-at="2018-09-05T08:04:31Z" finished-at="2018-09-05T08:04:31Z">
          <reporter-output>
            <line>
              <![CDATA[
]]>
            </line>
            <line>
              <![CDATA[+++++++++++++++++++++++++++++++++++++++++++++++++++++++++++++++++++++++++++++++]]>
            </line>
            <line>
              <![CDATA[TEST----------->>::::|| ValidateHomePageTitle ||:::: 05-09-2018-01:34:31 ]]>
            </line>
            <line>
              <![CDATA[-------------------------------------------------------------------------------]]>
            </line>
            <line>
              <![CDATA[Home Page Title is: ::SalesForceManagement::]]>
            </line>
            <line>
              <![CDATA[Test Method Resides in com.sfm.vbts.tests.HomePageTest]]>
            </line>
            <line>
              <![CDATA[-------------------------------------------------------------------------------]]>
            </line>
            <line>
              <![CDATA[DONE==>>----<< ValidateHomePageTitle >>]]>
            </line>
            <line>
              <![CDATA[R E S U L T--->>::::::::TEST PASSED ::::::::: 05-09-2018-01:34:31 ]]>
            </line>
            <line>
              <![CDATA[+++++++++++++++++++++++++++++++++++++++++++++++++++++++++++++++++++++++++++++++]]>
            </line>
          </reporter-output>
        </test-method> <!-- ValidateHomePageTitle -->
        <test-method status="PASS" signature="tearDown()[pri:0, instance:com.sfm.vbts.tests.HomePageTest@17d677df]" name="tearDown" is-config="true" duration-ms="755" started-at="2018-09-05T08:04:31Z" finished-at="2018-09-05T08:04:32Z">
          <reporter-output>
          </reporter-output>
        </test-method> <!-- tearDown -->
        <test-method status="PASS" signature="SetUp()[pri:0, instance:com.sfm.vbts.tests.HomePageTest@17d677df]" name="SetUp" is-config="true" duration-ms="12595" started-at="2018-09-05T08:04:32Z" finished-at="2018-09-05T08:04:44Z">
          <reporter-output>
          </reporter-output>
        </test-method> <!-- SetUp -->
        <test-method status="PASS" signature="ValidateHomePageURL()[pri:1, instance:com.sfm.vbts.tests.HomePageTest@17d677df]" name="ValidateHomePageURL" duration-ms="16" started-at="2018-09-05T08:04:44Z" finished-at="2018-09-05T08:04:44Z">
          <reporter-output>
            <line>
              <![CDATA[
]]>
            </line>
            <line>
              <![CDATA[+++++++++++++++++++++++++++++++++++++++++++++++++++++++++++++++++++++++++++++++]]>
            </line>
            <line>
              <![CDATA[TEST----------->>::::|| ValidateHomePageURL ||:::: 05-09-2018-01:34:44 ]]>
            </line>
            <line>
              <![CDATA[-------------------------------------------------------------------------------]]>
            </line>
            <line>
              <![CDATA[HomePageURL is http://103.231.43.144/home]]>
            </line>
            <line>
              <![CDATA[Test Method Resides in com.sfm.vbts.tests.HomePageTest]]>
            </line>
            <line>
              <![CDATA[-------------------------------------------------------------------------------]]>
            </line>
            <line>
              <![CDATA[DONE==>>----<< ValidateHomePageURL >>]]>
            </line>
            <line>
              <![CDATA[R E S U L T--->>::::::::TEST PASSED ::::::::: 05-09-2018-01:34:44 ]]>
            </line>
            <line>
              <![CDATA[+++++++++++++++++++++++++++++++++++++++++++++++++++++++++++++++++++++++++++++++]]>
            </line>
          </reporter-output>
        </test-method> <!-- ValidateHomePageURL -->
        <test-method status="PASS" signature="tearDown()[pri:0, instance:com.sfm.vbts.tests.HomePageTest@17d677df]" name="tearDown" is-config="true" duration-ms="561" started-at="2018-09-05T08:04:44Z" finished-at="2018-09-05T08:04:45Z">
          <reporter-output>
          </reporter-output>
        </test-method> <!-- tearDown -->
        <test-method status="PASS" signature="SetUp()[pri:0, instance:com.sfm.vbts.tests.HomePageTest@17d677df]" name="SetUp" is-config="true" duration-ms="16190" started-at="2018-09-05T08:04:45Z" finished-at="2018-09-05T08:05:01Z">
          <reporter-output>
          </reporter-output>
        </test-method> <!-- SetUp -->
        <test-method status="PASS" signature="ValidateHomePageHCMLogo()[pri:2, instance:com.sfm.vbts.tests.HomePageTest@17d677df]" name="ValidateHomePageHCMLogo" duration-ms="51" started-at="2018-09-05T08:05:01Z" finished-at="2018-09-05T08:05:01Z">
          <reporter-output>
            <line>
              <![CDATA[
]]>
            </line>
            <line>
              <![CDATA[+++++++++++++++++++++++++++++++++++++++++++++++++++++++++++++++++++++++++++++++]]>
            </line>
            <line>
              <![CDATA[TEST----------->>::::|| ValidateHomePageHCMLogo ||:::: 05-09-2018-01:35:01 ]]>
            </line>
            <line>
              <![CDATA[-------------------------------------------------------------------------------]]>
            </line>
            <line>
              <![CDATA[SFM Logo is Displayed in Home Page]]>
            </line>
            <line>
              <![CDATA[Test Method Resides in com.sfm.vbts.tests.HomePageTest]]>
            </line>
            <line>
              <![CDATA[-------------------------------------------------------------------------------]]>
            </line>
            <line>
              <![CDATA[DONE==>>----<< ValidateHomePageHCMLogo >>]]>
            </line>
            <line>
              <![CDATA[R E S U L T--->>::::::::TEST PASSED ::::::::: 05-09-2018-01:35:01 ]]>
            </line>
            <line>
              <![CDATA[+++++++++++++++++++++++++++++++++++++++++++++++++++++++++++++++++++++++++++++++]]>
            </line>
          </reporter-output>
        </test-method> <!-- ValidateHomePageHCMLogo -->
        <test-method status="PASS" signature="tearDown()[pri:0, instance:com.sfm.vbts.tests.HomePageTest@17d677df]" name="tearDown" is-config="true" duration-ms="576" started-at="2018-09-05T08:05:01Z" finished-at="2018-09-05T08:05:02Z">
          <reporter-output>
          </reporter-output>
        </test-method> <!-- tearDown -->
      </class> <!-- com.sfm.vbts.tests.HomePageTest -->
    </test> <!-- HomePageTest -->
  </suite> <!-- SFM Suite -->
</testng-results>
